c:\users\negri\gitspace\zombie game\zombie game\x64\debug\vc143.pdb
c:\users\negri\gitspace\zombie game\zombie game\x64\debug\vc143.idb
c:\users\negri\gitspace\zombie game\zombie game\x64\debug\maingame.obj
c:\users\negri\gitspace\zombie game\zombie game\x64\debug\main.obj
c:\users\negri\gitspace\zombie game\zombie game\x64\debug\level.obj
c:\users\negri\gitspace\zombie game\zombie game\x64\debug\player.obj
c:\users\negri\gitspace\zombie game\zombie game\x64\debug\human.obj
c:\users\negri\gitspace\zombie game\zombie game\x64\debug\agent.obj
c:\users\negri\gitspace\zombie game\zombie game\x64\debug\levelmanager.obj
c:\users\negri\gitspace\zombie game\zombie game\x64\debug\levelcache.obj
c:\users\negri\gitspace\zombie game\zombie game\x64\debug\zombie.obj
c:\users\negri\gitspace\zombie game\x64\debug\zombie game.exe
c:\users\negri\gitspace\zombie game\zombie game\x64\debug\zombie game.ilk
c:\users\negri\gitspace\zombie game\x64\debug\zombie game.pdb
c:\users\negri\gitspace\zombie game\zombie game\x64\debug\character.obj
c:\users\negri\gitspace\zombie game\zombie game\x64\debug\collisions.obj
c:\users\negri\gitspace\zombie game\zombie game\x64\debug\enemy.obj
c:\users\negri\gitspace\zombie game\zombie game\x64\debug\gameobjects.obj
c:\users\negri\gitspace\zombie game\zombie game\x64\debug\map.obj
c:\users\negri\gitspace\zombie game\zombie game\x64\debug\projectile.obj
c:\users\negri\gitspace\zombie game\zombie game\x64\debug\agent.obj.enc
c:\users\negri\gitspace\zombie game\zombie game\x64\debug\level.obj.enc
c:\users\negri\gitspace\zombie game\zombie game\x64\debug\zombie game.tlog\cl.command.1.tlog
c:\users\negri\gitspace\zombie game\zombie game\x64\debug\zombie game.tlog\cl.items.tlog
c:\users\negri\gitspace\zombie game\zombie game\x64\debug\zombie game.tlog\cl.read.1.tlog
c:\users\negri\gitspace\zombie game\zombie game\x64\debug\zombie game.tlog\cl.write.1.tlog
c:\users\negri\gitspace\zombie game\zombie game\x64\debug\zombie game.tlog\link.command.1.tlog
c:\users\negri\gitspace\zombie game\zombie game\x64\debug\zombie game.tlog\link.read.1.tlog
c:\users\negri\gitspace\zombie game\zombie game\x64\debug\zombie game.tlog\link.write.1.tlog
